This file contains any messages produced by compilers while
running configure, to aid debugging if configure makes a mistake.

It was created by gtk_nemo_columns configure 0.1, which was
generated by GNU Autoconf 2.69.  Invocation command line was

  $ /home/reuben/gtk-nemo-columns/configure --enable-maintainer-mode CFLAGS=-g -O0 CXXFLAGS=-g -O0 JFLAGS=-g -O0 FFLAGS=-g -O0

## --------- ##
## Platform. ##
## --------- ##

hostname = reuben-house
uname -m = x86_64
uname -r = 4.4.0-109-generic
uname -s = Linux
uname -v = #132-Ubuntu SMP Tue Jan 9 19:52:39 UTC 2018

/usr/bin/uname -p = unknown
/bin/uname -X     = unknown

/bin/arch              = unknown
/usr/bin/arch -k       = unknown
/usr/convex/getsysinfo = unknown
/usr/bin/hostinfo      = unknown
/bin/machine           = unknown
/usr/bin/oslevel       = unknown
/bin/universe          = unknown

PATH: /usr/local/sbin
PATH: /usr/local/bin
PATH: /usr/sbin
PATH: /usr/bin
PATH: /sbin
PATH: /bin
PATH: /usr/games
PATH: /usr/local/games


## ----------- ##
## Core tests. ##
## ----------- ##

configure:2369: checking for a BSD-compatible install
configure:2437: result: /usr/bin/install -c
configure:2448: checking whether build environment is sane
configure:2503: result: yes
configure:2654: checking for a thread-safe mkdir -p
configure:2693: result: /bin/mkdir -p
configure:2700: checking for gawk
configure:2716: found /usr/bin/gawk
configure:2727: result: gawk
configure:2738: checking whether make sets $(MAKE)
configure:2760: result: yes
configure:2789: checking whether make supports nested variables
configure:2806: result: yes
configure:2944: checking whether make supports nested variables
configure:2961: result: yes
configure:3021: checking for gcc
configure:3037: found /usr/bin/gcc
configure:3048: result: gcc
configure:3277: checking for C compiler version
configure:3286: gcc --version >&5
gcc (Ubuntu 5.4.0-6ubuntu1~16.04.5) 5.4.0 20160609
Copyright (C) 2015 Free Software Foundation, Inc.
This is free software; see the source for copying conditions.  There is NO
warranty; not even for MERCHANTABILITY or FITNESS FOR A PARTICULAR PURPOSE.

configure:3297: $? = 0
configure:3286: gcc -v >&5
Using built-in specs.
COLLECT_GCC=gcc
COLLECT_LTO_WRAPPER=/usr/lib/gcc/x86_64-linux-gnu/5/lto-wrapper
Target: x86_64-linux-gnu
Configured with: ../src/configure -v --with-pkgversion='Ubuntu 5.4.0-6ubuntu1~16.04.5' --with-bugurl=file:///usr/share/doc/gcc-5/README.Bugs --enable-languages=c,ada,c++,java,go,d,fortran,objc,obj-c++ --prefix=/usr --program-suffix=-5 --enable-shared --enable-linker-build-id --libexecdir=/usr/lib --without-included-gettext --enable-threads=posix --libdir=/usr/lib --enable-nls --with-sysroot=/ --enable-clocale=gnu --enable-libstdcxx-debug --enable-libstdcxx-time=yes --with-default-libstdcxx-abi=new --enable-gnu-unique-object --disable-vtable-verify --enable-libmpx --enable-plugin --with-system-zlib --disable-browser-plugin --enable-java-awt=gtk --enable-gtk-cairo --with-java-home=/usr/lib/jvm/java-1.5.0-gcj-5-amd64/jre --enable-java-home --with-jvm-root-dir=/usr/lib/jvm/java-1.5.0-gcj-5-amd64 --with-jvm-jar-dir=/usr/lib/jvm-exports/java-1.5.0-gcj-5-amd64 --with-arch-directory=amd64 --with-ecj-jar=/usr/share/java/eclipse-ecj.jar --enable-objc-gc --enable-multiarch --disable-werror --with-arch-32=i686 --with-abi=m64 --with-multilib-list=m32,m64,mx32 --enable-multilib --with-tune=generic --enable-checking=release --build=x86_64-linux-gnu --host=x86_64-linux-gnu --target=x86_64-linux-gnu
Thread model: posix
gcc version 5.4.0 20160609 (Ubuntu 5.4.0-6ubuntu1~16.04.5) 
configure:3297: $? = 0
configure:3286: gcc -V >&5
gcc: error: unrecognized command line option '-V'
gcc: fatal error: no input files
compilation terminated.
configure:3297: $? = 1
configure:3286: gcc -qversion >&5
gcc: error: unrecognized command line option '-qversion'
gcc: fatal error: no input files
compilation terminated.
configure:3297: $? = 1
configure:3317: checking whether the C compiler works
configure:3339: gcc -g -O0   conftest.c  >&5
configure:3343: $? = 0
configure:3391: result: yes
configure:3394: checking for C compiler default output file name
configure:3396: result: a.out
configure:3402: checking for suffix of executables
configure:3409: gcc -o conftest -g -O0   conftest.c  >&5
configure:3413: $? = 0
configure:3435: result: 
configure:3457: checking whether we are cross compiling
configure:3465: gcc -o conftest -g -O0   conftest.c  >&5
configure:3469: $? = 0
configure:3476: ./conftest
configure:3480: $? = 0
configure:3495: result: no
configure:3500: checking for suffix of object files
configure:3522: gcc -c -g -O0  conftest.c >&5
configure:3526: $? = 0
configure:3547: result: o
configure:3551: checking whether we are using the GNU C compiler
configure:3570: gcc -c -g -O0  conftest.c >&5
configure:3570: $? = 0
configure:3579: result: yes
configure:3588: checking whether gcc accepts -g
configure:3608: gcc -c -g  conftest.c >&5
configure:3608: $? = 0
configure:3649: result: yes
configure:3666: checking for gcc option to accept ISO C89
configure:3729: gcc  -c -g -O0  conftest.c >&5
configure:3729: $? = 0
configure:3742: result: none needed
configure:3767: checking whether gcc understands -c and -o together
configure:3789: gcc -c conftest.c -o conftest2.o
configure:3792: $? = 0
configure:3789: gcc -c conftest.c -o conftest2.o
configure:3792: $? = 0
configure:3804: result: yes
configure:3832: checking for style of include used by make
configure:3860: result: GNU
configure:3886: checking dependency style of gcc
configure:3997: result: gcc3
configure:4017: checking whether NLS is requested
configure:4026: result: yes
configure:4044: checking for intltool >= 0.35.0
configure:4046: result: 0.51.0 found
configure:4054: checking for intltool-update
configure:4072: found /usr/bin/intltool-update
configure:4084: result: /usr/bin/intltool-update
configure:4094: checking for intltool-merge
configure:4112: found /usr/bin/intltool-merge
configure:4124: result: /usr/bin/intltool-merge
configure:4134: checking for intltool-extract
configure:4152: found /usr/bin/intltool-extract
configure:4164: result: /usr/bin/intltool-extract
configure:4318: checking for xgettext
configure:4336: found /usr/bin/xgettext
configure:4348: result: /usr/bin/xgettext
configure:4358: checking for msgmerge
configure:4376: found /usr/bin/msgmerge
configure:4388: result: /usr/bin/msgmerge
configure:4398: checking for msgfmt
configure:4416: found /usr/bin/msgfmt
configure:4428: result: /usr/bin/msgfmt
configure:4438: checking for gmsgfmt
configure:4469: result: /usr/bin/msgfmt
configure:4489: checking for perl
configure:4507: found /usr/bin/perl
configure:4519: result: /usr/bin/perl
configure:4530: checking for perl >= 5.8.1
configure:4537: result: 5.22.1
configure:4541: checking for XML::Parser
configure:4544: result: ok
configure:4572: checking how to run the C preprocessor
configure:4603: gcc -E  conftest.c
configure:4603: $? = 0
configure:4617: gcc -E  conftest.c
conftest.c:12:28: fatal error: ac_nonexistent.h: No such file or directory
compilation terminated.
configure:4617: $? = 1
configure: failed program was:
| /* confdefs.h */
| #define PACKAGE_NAME "gtk_nemo_columns"
| #define PACKAGE_TARNAME "gtk_nemo_columns"
| #define PACKAGE_VERSION "0.1"
| #define PACKAGE_STRING "gtk_nemo_columns 0.1"
| #define PACKAGE_BUGREPORT ""
| #define PACKAGE_URL ""
| #define PACKAGE "gtk_nemo_columns"
| #define VERSION "0.1"
| #define GETTEXT_PACKAGE "gtk_nemo_columns"
| /* end confdefs.h.  */
| #include <ac_nonexistent.h>
configure:4642: result: gcc -E
configure:4662: gcc -E  conftest.c
configure:4662: $? = 0
configure:4676: gcc -E  conftest.c
conftest.c:12:28: fatal error: ac_nonexistent.h: No such file or directory
compilation terminated.
configure:4676: $? = 1
configure: failed program was:
| /* confdefs.h */
| #define PACKAGE_NAME "gtk_nemo_columns"
| #define PACKAGE_TARNAME "gtk_nemo_columns"
| #define PACKAGE_VERSION "0.1"
| #define PACKAGE_STRING "gtk_nemo_columns 0.1"
| #define PACKAGE_BUGREPORT ""
| #define PACKAGE_URL ""
| #define PACKAGE "gtk_nemo_columns"
| #define VERSION "0.1"
| #define GETTEXT_PACKAGE "gtk_nemo_columns"
| /* end confdefs.h.  */
| #include <ac_nonexistent.h>
configure:4705: checking for grep that handles long lines and -e
configure:4763: result: /bin/grep
configure:4768: checking for egrep
configure:4830: result: /bin/grep -E
configure:4835: checking for ANSI C header files
configure:4855: gcc -c -g -O0  conftest.c >&5
configure:4855: $? = 0
configure:4928: gcc -o conftest -g -O0   conftest.c  >&5
configure:4928: $? = 0
configure:4928: ./conftest
configure:4928: $? = 0
configure:4939: result: yes
configure:4952: checking for sys/types.h
configure:4952: gcc -c -g -O0  conftest.c >&5
configure:4952: $? = 0
configure:4952: result: yes
configure:4952: checking for sys/stat.h
configure:4952: gcc -c -g -O0  conftest.c >&5
configure:4952: $? = 0
configure:4952: result: yes
configure:4952: checking for stdlib.h
configure:4952: gcc -c -g -O0  conftest.c >&5
configure:4952: $? = 0
configure:4952: result: yes
configure:4952: checking for string.h
configure:4952: gcc -c -g -O0  conftest.c >&5
configure:4952: $? = 0
configure:4952: result: yes
configure:4952: checking for memory.h
configure:4952: gcc -c -g -O0  conftest.c >&5
configure:4952: $? = 0
configure:4952: result: yes
configure:4952: checking for strings.h
configure:4952: gcc -c -g -O0  conftest.c >&5
configure:4952: $? = 0
configure:4952: result: yes
configure:4952: checking for inttypes.h
configure:4952: gcc -c -g -O0  conftest.c >&5
configure:4952: $? = 0
configure:4952: result: yes
configure:4952: checking for stdint.h
configure:4952: gcc -c -g -O0  conftest.c >&5
configure:4952: $? = 0
configure:4952: result: yes
configure:4952: checking for unistd.h
configure:4952: gcc -c -g -O0  conftest.c >&5
configure:4952: $? = 0
configure:4952: result: yes
configure:4967: checking locale.h usability
configure:4967: gcc -c -g -O0  conftest.c >&5
configure:4967: $? = 0
configure:4967: result: yes
configure:4967: checking locale.h presence
configure:4967: gcc -E  conftest.c
configure:4967: $? = 0
configure:4967: result: yes
configure:4967: checking for locale.h
configure:4967: result: yes
configure:4978: checking for LC_MESSAGES
configure:4994: gcc -o conftest -g -O0   conftest.c  >&5
configure:4994: $? = 0
configure:5002: result: yes
configure:5019: checking libintl.h usability
configure:5019: gcc -c -g -O0  conftest.c >&5
configure:5019: $? = 0
configure:5019: result: yes
configure:5019: checking libintl.h presence
configure:5019: gcc -E  conftest.c
configure:5019: $? = 0
configure:5019: result: yes
configure:5019: checking for libintl.h
configure:5019: result: yes
configure:5027: checking for ngettext in libc
configure:5045: gcc -o conftest -g -O0   conftest.c  >&5
configure:5045: $? = 0
configure:5054: result: yes
configure:5058: checking for dgettext in libc
configure:5076: gcc -o conftest -g -O0   conftest.c  >&5
configure:5076: $? = 0
configure:5085: result: yes
configure:5092: checking for bind_textdomain_codeset
configure:5092: gcc -o conftest -g -O0   conftest.c  >&5
configure:5092: $? = 0
configure:5092: result: yes
configure:5368: checking for msgfmt
configure:5395: result: /usr/bin/msgfmt
configure:5406: checking for dcgettext
configure:5406: gcc -o conftest -g -O0   conftest.c   >&5
conftest.c:49:6: warning: conflicting types for built-in function 'dcgettext'
 char dcgettext ();
      ^
configure:5406: $? = 0
configure:5406: result: yes
configure:5416: checking if msgfmt accepts -c
configure:5431: $MSGFMT -c -o /dev/null conftest.foo
conftest.foo:3: warning: header field 'Language' missing in header
configure:5434: $? = 0
configure:5436: result: yes
configure:5446: checking for gmsgfmt
configure:5477: result: /usr/bin/msgfmt
configure:5487: checking for xgettext
configure:5514: result: /usr/bin/xgettext
configure:5533: gcc -o conftest -g -O0   conftest.c   >&5
configure:5533: $? = 0
configure:5706: checking build system type
configure:5720: result: x86_64-pc-linux-gnu
configure:5740: checking host system type
configure:5753: result: x86_64-pc-linux-gnu
configure:5794: checking how to print strings
configure:5821: result: printf
configure:5842: checking for a sed that does not truncate output
configure:5906: result: /bin/sed
configure:5924: checking for fgrep
configure:5986: result: /bin/grep -F
configure:6021: checking for ld used by gcc
configure:6088: result: /usr/bin/ld
configure:6095: checking if the linker (/usr/bin/ld) is GNU ld
configure:6110: result: yes
configure:6122: checking for BSD- or MS-compatible name lister (nm)
configure:6176: result: /usr/bin/nm -B
configure:6306: checking the name lister (/usr/bin/nm -B) interface
configure:6313: gcc -c -g -O0  conftest.c >&5
configure:6316: /usr/bin/nm -B "conftest.o"
configure:6319: output
0000000000000000 B some_variable
configure:6326: result: BSD nm
configure:6329: checking whether ln -s works
configure:6333: result: yes
configure:6341: checking the maximum length of command line arguments
configure:6472: result: 1572864
configure:6520: checking how to convert x86_64-pc-linux-gnu file names to x86_64-pc-linux-gnu format
configure:6560: result: func_convert_file_noop
configure:6567: checking how to convert x86_64-pc-linux-gnu file names to toolchain format
configure:6587: result: func_convert_file_noop
configure:6594: checking for /usr/bin/ld option to reload object files
configure:6601: result: -r
configure:6675: checking for objdump
configure:6691: found /usr/bin/objdump
configure:6702: result: objdump
configure:6734: checking how to recognize dependent libraries
configure:6934: result: pass_all
configure:7019: checking for dlltool
configure:7049: result: no
configure:7079: checking how to associate runtime and link libraries
configure:7106: result: printf %s\n
configure:7166: checking for ar
configure:7182: found /usr/bin/ar
configure:7193: result: ar
configure:7230: checking for archiver @FILE support
configure:7247: gcc -c -g -O0  conftest.c >&5
configure:7247: $? = 0
configure:7250: ar cru libconftest.a @conftest.lst >&5
ar: `u' modifier ignored since `D' is the default (see `U')
configure:7253: $? = 0
configure:7258: ar cru libconftest.a @conftest.lst >&5
ar: `u' modifier ignored since `D' is the default (see `U')
ar: conftest.o: No such file or directory
configure:7261: $? = 1
configure:7273: result: @
configure:7331: checking for strip
configure:7347: found /usr/bin/strip
configure:7358: result: strip
configure:7430: checking for ranlib
configure:7446: found /usr/bin/ranlib
configure:7457: result: ranlib
configure:7559: checking command to parse /usr/bin/nm -B output from gcc object
configure:7712: gcc -c -g -O0  conftest.c >&5
configure:7715: $? = 0
configure:7719: /usr/bin/nm -B conftest.o \| sed -n -e 's/^.*[ ]\([ABCDGIRSTW][ABCDGIRSTW]*\)[ ][ ]*\([_A-Za-z][_A-Za-z0-9]*\)$/\1 \2 \2/p' | sed '/ __gnu_lto/d' \> conftest.nm
configure:7722: $? = 0
configure:7788: gcc -o conftest -g -O0   conftest.c conftstm.o >&5
configure:7791: $? = 0
configure:7829: result: ok
configure:7876: checking for sysroot
configure:7906: result: no
configure:7913: checking for a working dd
configure:7951: result: /bin/dd
configure:7955: checking how to truncate binary pipes
configure:7970: result: /bin/dd bs=4096 count=1
configure:8106: gcc -c -g -O0  conftest.c >&5
configure:8109: $? = 0
configure:8299: checking for mt
configure:8315: found /bin/mt
configure:8326: result: mt
configure:8349: checking if mt is a manifest tool
configure:8355: mt '-?'
configure:8363: result: no
configure:9037: checking for dlfcn.h
configure:9037: gcc -c -g -O0  conftest.c >&5
configure:9037: $? = 0
configure:9037: result: yes
configure:9293: checking for objdir
configure:9308: result: .libs
configure:9568: checking if gcc supports -fno-rtti -fno-exceptions
configure:9586: gcc -c -g -O0  -fno-rtti -fno-exceptions conftest.c >&5
cc1: warning: command line option '-fno-rtti' is valid for C++/ObjC++ but not for C
configure:9590: $? = 0
configure:9603: result: no
configure:9961: checking for gcc option to produce PIC
configure:9968: result: -fPIC -DPIC
configure:9976: checking if gcc PIC flag -fPIC -DPIC works
configure:9994: gcc -c -g -O0  -fPIC -DPIC -DPIC conftest.c >&5
configure:9998: $? = 0
configure:10011: result: yes
configure:10040: checking if gcc static flag -static works
configure:10068: result: yes
configure:10083: checking if gcc supports -c -o file.o
configure:10104: gcc -c -g -O0  -o out/conftest2.o conftest.c >&5
configure:10108: $? = 0
configure:10130: result: yes
configure:10138: checking if gcc supports -c -o file.o
configure:10185: result: yes
configure:10218: checking whether the gcc linker (/usr/bin/ld -m elf_x86_64) supports shared libraries
configure:11481: result: yes
configure:11518: checking whether -lc should be explicitly linked in
configure:11526: gcc -c -g -O0  conftest.c >&5
configure:11529: $? = 0
configure:11544: gcc -shared  -fPIC -DPIC conftest.o  -v -Wl,-soname -Wl,conftest -o conftest 2\>\&1 \| /bin/grep  -lc  \>/dev/null 2\>\&1
configure:11547: $? = 0
configure:11561: result: no
configure:11721: checking dynamic linker characteristics
configure:12302: gcc -o conftest -g -O0   -Wl,-rpath -Wl,/foo conftest.c  >&5
configure:12302: $? = 0
configure:12551: result: GNU/Linux ld.so
configure:12673: checking how to hardcode library paths into programs
configure:12698: result: immediate
configure:13246: checking whether stripping libraries is possible
configure:13251: result: yes
configure:13286: checking if libtool supports shared libraries
configure:13288: result: yes
configure:13291: checking whether to build shared libraries
configure:13316: result: yes
configure:13319: checking whether to build static libraries
configure:13323: result: yes
configure:13416: checking for pkg-config
configure:13434: found /usr/bin/pkg-config
configure:13446: result: /usr/bin/pkg-config
configure:13471: checking pkg-config is at least version 0.9.0
configure:13474: result: yes
configure:13484: checking for GTK_NEMO_COLUMNS
configure:13491: $PKG_CONFIG --exists --print-errors "gtk+-3.0 >= 2.90.3 "
configure:13494: $? = 0
configure:13508: $PKG_CONFIG --exists --print-errors "gtk+-3.0 >= 2.90.3 "
configure:13511: $? = 0
configure:13569: result: yes
configure:13580: checking for gtk-doc
configure:13583: $PKG_CONFIG --exists --print-errors "$gtk_doc_requires"
configure:13586: $? = 0
configure:13592: result: yes
configure:13606: checking for gtkdoc-check
configure:13622: found /usr/bin/gtkdoc-check
configure:13633: result: gtkdoc-check.test
configure:13643: checking for gtkdoc-check
configure:13661: found /usr/bin/gtkdoc-check
configure:13673: result: /usr/bin/gtkdoc-check
configure:13685: checking for gtkdoc-rebase
configure:13703: found /usr/bin/gtkdoc-rebase
configure:13715: result: /usr/bin/gtkdoc-rebase
configure:13729: checking for gtkdoc-mkpdf
configure:13747: found /usr/bin/gtkdoc-mkpdf
configure:13759: result: /usr/bin/gtkdoc-mkpdf
configure:13787: checking whether to build gtk-doc documentation
configure:13789: result: no
configure:13802: checking for GTKDOC_DEPS
configure:13809: $PKG_CONFIG --exists --print-errors "glib-2.0 >= 2.10.0 gobject-2.0  >= 2.10.0"
configure:13812: $? = 0
configure:13826: $PKG_CONFIG --exists --print-errors "glib-2.0 >= 2.10.0 gobject-2.0  >= 2.10.0"
configure:13829: $? = 0
configure:13867: result: yes
configure:14059: checking that generated files are newer than configure
configure:14065: result: done
configure:14116: creating ./config.status

## ---------------------- ##
## Running config.status. ##
## ---------------------- ##

This file was extended by gtk_nemo_columns config.status 0.1, which was
generated by GNU Autoconf 2.69.  Invocation command line was

  CONFIG_FILES    = 
  CONFIG_HEADERS  = 
  CONFIG_LINKS    = 
  CONFIG_COMMANDS = 
  $ ./config.status 

on reuben-house

config.status:1191: creating Makefile
config.status:1191: creating src/Makefile
config.status:1191: creating po/Makefile.in
config.status:1191: creating config.h
config.status:1405: executing depfiles commands
config.status:1405: executing default-1 commands
config.status:1405: executing libtool commands
config.status:1405: executing po/stamp-it commands
configure:16283: WARNING: unrecognized options: --enable-maintainer-mode

## ---------------- ##
## Cache variables. ##
## ---------------- ##

ac_cv_build=x86_64-pc-linux-gnu
ac_cv_c_compiler_gnu=yes
ac_cv_env_CC_set=
ac_cv_env_CC_value=
ac_cv_env_CFLAGS_set=set
ac_cv_env_CFLAGS_value='-g -O0'
ac_cv_env_CPPFLAGS_set=
ac_cv_env_CPPFLAGS_value=
ac_cv_env_CPP_set=
ac_cv_env_CPP_value=
ac_cv_env_GTKDOC_DEPS_CFLAGS_set=
ac_cv_env_GTKDOC_DEPS_CFLAGS_value=
ac_cv_env_GTKDOC_DEPS_LIBS_set=
ac_cv_env_GTKDOC_DEPS_LIBS_value=
ac_cv_env_GTK_NEMO_COLUMNS_CFLAGS_set=
ac_cv_env_GTK_NEMO_COLUMNS_CFLAGS_value=
ac_cv_env_GTK_NEMO_COLUMNS_LIBS_set=
ac_cv_env_GTK_NEMO_COLUMNS_LIBS_value=
ac_cv_env_LDFLAGS_set=
ac_cv_env_LDFLAGS_value=
ac_cv_env_LIBS_set=
ac_cv_env_LIBS_value=
ac_cv_env_LT_SYS_LIBRARY_PATH_set=
ac_cv_env_LT_SYS_LIBRARY_PATH_value=
ac_cv_env_PKG_CONFIG_LIBDIR_set=
ac_cv_env_PKG_CONFIG_LIBDIR_value=
ac_cv_env_PKG_CONFIG_PATH_set=
ac_cv_env_PKG_CONFIG_PATH_value=
ac_cv_env_PKG_CONFIG_set=
ac_cv_env_PKG_CONFIG_value=
ac_cv_env_build_alias_set=
ac_cv_env_build_alias_value=
ac_cv_env_host_alias_set=
ac_cv_env_host_alias_value=
ac_cv_env_target_alias_set=
ac_cv_env_target_alias_value=
ac_cv_func_bind_textdomain_codeset=yes
ac_cv_func_dcgettext=yes
ac_cv_header_dlfcn_h=yes
ac_cv_header_inttypes_h=yes
ac_cv_header_libintl_h=yes
ac_cv_header_locale_h=yes
ac_cv_header_memory_h=yes
ac_cv_header_stdc=yes
ac_cv_header_stdint_h=yes
ac_cv_header_stdlib_h=yes
ac_cv_header_string_h=yes
ac_cv_header_strings_h=yes
ac_cv_header_sys_stat_h=yes
ac_cv_header_sys_types_h=yes
ac_cv_header_unistd_h=yes
ac_cv_host=x86_64-pc-linux-gnu
ac_cv_objext=o
ac_cv_path_EGREP='/bin/grep -E'
ac_cv_path_FGREP='/bin/grep -F'
ac_cv_path_GMSGFMT=/usr/bin/msgfmt
ac_cv_path_GREP=/bin/grep
ac_cv_path_GTKDOC_CHECK_PATH=/usr/bin/gtkdoc-check
ac_cv_path_GTKDOC_MKPDF=/usr/bin/gtkdoc-mkpdf
ac_cv_path_GTKDOC_REBASE=/usr/bin/gtkdoc-rebase
ac_cv_path_INTLTOOL_EXTRACT=/usr/bin/intltool-extract
ac_cv_path_INTLTOOL_MERGE=/usr/bin/intltool-merge
ac_cv_path_INTLTOOL_PERL=/usr/bin/perl
ac_cv_path_INTLTOOL_UPDATE=/usr/bin/intltool-update
ac_cv_path_MSGFMT=/usr/bin/msgfmt
ac_cv_path_MSGMERGE=/usr/bin/msgmerge
ac_cv_path_SED=/bin/sed
ac_cv_path_XGETTEXT=/usr/bin/xgettext
ac_cv_path_ac_pt_PKG_CONFIG=/usr/bin/pkg-config
ac_cv_path_install='/usr/bin/install -c'
ac_cv_path_lt_DD=/bin/dd
ac_cv_path_mkdir=/bin/mkdir
ac_cv_prog_AWK=gawk
ac_cv_prog_CPP='gcc -E'
ac_cv_prog_GTKDOC_CHECK=gtkdoc-check.test
ac_cv_prog_ac_ct_AR=ar
ac_cv_prog_ac_ct_CC=gcc
ac_cv_prog_ac_ct_MANIFEST_TOOL=mt
ac_cv_prog_ac_ct_OBJDUMP=objdump
ac_cv_prog_ac_ct_RANLIB=ranlib
ac_cv_prog_ac_ct_STRIP=strip
ac_cv_prog_cc_c89=
ac_cv_prog_cc_g=yes
ac_cv_prog_make_make_set=yes
am_cv_CC_dependencies_compiler_type=gcc3
am_cv_make_support_nested_variables=yes
am_cv_prog_cc_c_o=yes
am_cv_val_LC_MESSAGES=yes
gt_cv_func_dgettext_libc=yes
gt_cv_func_dgettext_libintl=no
gt_cv_func_ngettext_libc=yes
gt_cv_have_gettext=yes
lt_cv_ar_at_file=@
lt_cv_archive_cmds_need_lc=no
lt_cv_deplibs_check_method=pass_all
lt_cv_file_magic_cmd='$MAGIC_CMD'
lt_cv_file_magic_test_file=
lt_cv_ld_reload_flag=-r
lt_cv_nm_interface='BSD nm'
lt_cv_objdir=.libs
lt_cv_path_LD=/usr/bin/ld
lt_cv_path_NM='/usr/bin/nm -B'
lt_cv_path_mainfest_tool=no
lt_cv_prog_compiler_c_o=yes
lt_cv_prog_compiler_pic='-fPIC -DPIC'
lt_cv_prog_compiler_pic_works=yes
lt_cv_prog_compiler_rtti_exceptions=no
lt_cv_prog_compiler_static_works=yes
lt_cv_prog_gnu_ld=yes
lt_cv_sharedlib_from_linklib_cmd='printf %s\n'
lt_cv_shlibpath_overrides_runpath=no
lt_cv_sys_global_symbol_pipe='sed -n -e '\''s/^.*[	 ]\([ABCDGIRSTW][ABCDGIRSTW]*\)[	 ][	 ]*\([_A-Za-z][_A-Za-z0-9]*\)$/\1 \2 \2/p'\'' | sed '\''/ __gnu_lto/d'\'''
lt_cv_sys_global_symbol_to_c_name_address='sed -n -e '\''s/^: \(.*\) .*$/  {"\1", (void *) 0},/p'\'' -e '\''s/^[ABCDGIRSTW][ABCDGIRSTW]* .* \(.*\)$/  {"\1", (void *) \&\1},/p'\'''
lt_cv_sys_global_symbol_to_c_name_address_lib_prefix='sed -n -e '\''s/^: \(.*\) .*$/  {"\1", (void *) 0},/p'\'' -e '\''s/^[ABCDGIRSTW][ABCDGIRSTW]* .* \(lib.*\)$/  {"\1", (void *) \&\1},/p'\'' -e '\''s/^[ABCDGIRSTW][ABCDGIRSTW]* .* \(.*\)$/  {"lib\1", (void *) \&\1},/p'\'''
lt_cv_sys_global_symbol_to_cdecl='sed -n -e '\''s/^T .* \(.*\)$/extern int \1();/p'\'' -e '\''s/^[ABCDGIRSTW][ABCDGIRSTW]* .* \(.*\)$/extern char \1;/p'\'''
lt_cv_sys_global_symbol_to_import=
lt_cv_sys_max_cmd_len=1572864
lt_cv_to_host_file_cmd=func_convert_file_noop
lt_cv_to_tool_file_cmd=func_convert_file_noop
lt_cv_truncate_bin='/bin/dd bs=4096 count=1'
pkg_cv_GTKDOC_DEPS_CFLAGS='-I/usr/include/glib-2.0 -I/usr/lib/x86_64-linux-gnu/glib-2.0/include'
pkg_cv_GTKDOC_DEPS_LIBS='-lgobject-2.0 -lglib-2.0'
pkg_cv_GTK_NEMO_COLUMNS_CFLAGS='-pthread -I/usr/include/gtk-3.0 -I/usr/include/at-spi2-atk/2.0 -I/usr/include/at-spi-2.0 -I/usr/include/dbus-1.0 -I/usr/lib/x86_64-linux-gnu/dbus-1.0/include -I/usr/include/gtk-3.0 -I/usr/include/gio-unix-2.0/ -I/usr/include/mirclient -I/usr/include/mircore -I/usr/include/mircookie -I/usr/include/cairo -I/usr/include/pango-1.0 -I/usr/include/harfbuzz -I/usr/include/pango-1.0 -I/usr/include/atk-1.0 -I/usr/include/cairo -I/usr/include/pixman-1 -I/usr/include/freetype2 -I/usr/include/libpng12 -I/usr/include/gdk-pixbuf-2.0 -I/usr/include/libpng12 -I/usr/include/glib-2.0 -I/usr/lib/x86_64-linux-gnu/glib-2.0/include'
pkg_cv_GTK_NEMO_COLUMNS_LIBS='-lgtk-3 -lgdk-3 -lpangocairo-1.0 -lpango-1.0 -latk-1.0 -lcairo-gobject -lcairo -lgdk_pixbuf-2.0 -lgio-2.0 -lgobject-2.0 -lglib-2.0'

## ----------------- ##
## Output variables. ##
## ----------------- ##

ACLOCAL='${SHELL} /home/reuben/gtk-nemo-columns/missing aclocal-1.15'
ALL_LINGUAS=''
AMDEPBACKSLASH='\'
AMDEP_FALSE='#'
AMDEP_TRUE=''
AMTAR='$${TAR-tar}'
AM_BACKSLASH='\'
AM_DEFAULT_V='$(AM_DEFAULT_VERBOSITY)'
AM_DEFAULT_VERBOSITY='0'
AM_V='$(V)'
AR='ar'
AUTOCONF='${SHELL} /home/reuben/gtk-nemo-columns/missing autoconf'
AUTOHEADER='${SHELL} /home/reuben/gtk-nemo-columns/missing autoheader'
AUTOMAKE='${SHELL} /home/reuben/gtk-nemo-columns/missing automake-1.15'
AWK='gawk'
CATALOGS=''
CATOBJEXT='.gmo'
CC='gcc'
CCDEPMODE='depmode=gcc3'
CFLAGS='-g -O0'
CPP='gcc -E'
CPPFLAGS=''
CYGPATH_W='echo'
DATADIRNAME='share'
DEFS='-DHAVE_CONFIG_H'
DEPDIR='.deps'
DLLTOOL='false'
DSYMUTIL=''
DUMPBIN=''
ECHO_C=''
ECHO_N='-n'
ECHO_T=''
EGREP='/bin/grep -E'
ENABLE_GTK_DOC_FALSE=''
ENABLE_GTK_DOC_TRUE='#'
EXEEXT=''
FGREP='/bin/grep -F'
GETTEXT_PACKAGE='gtk_nemo_columns'
GMOFILES=''
GMSGFMT='/usr/bin/msgfmt'
GREP='/bin/grep'
GTKDOC_CHECK='gtkdoc-check.test'
GTKDOC_CHECK_PATH='/usr/bin/gtkdoc-check'
GTKDOC_DEPS_CFLAGS='-I/usr/include/glib-2.0 -I/usr/lib/x86_64-linux-gnu/glib-2.0/include'
GTKDOC_DEPS_LIBS='-lgobject-2.0 -lglib-2.0'
GTKDOC_MKPDF='/usr/bin/gtkdoc-mkpdf'
GTKDOC_REBASE='/usr/bin/gtkdoc-rebase'
GTK_DOC_BUILD_HTML_FALSE='#'
GTK_DOC_BUILD_HTML_TRUE=''
GTK_DOC_BUILD_PDF_FALSE=''
GTK_DOC_BUILD_PDF_TRUE='#'
GTK_DOC_USE_LIBTOOL_FALSE='#'
GTK_DOC_USE_LIBTOOL_TRUE=''
GTK_DOC_USE_REBASE_FALSE='#'
GTK_DOC_USE_REBASE_TRUE=''
GTK_NEMO_COLUMNS_CFLAGS='-pthread -I/usr/include/gtk-3.0 -I/usr/include/at-spi2-atk/2.0 -I/usr/include/at-spi-2.0 -I/usr/include/dbus-1.0 -I/usr/lib/x86_64-linux-gnu/dbus-1.0/include -I/usr/include/gtk-3.0 -I/usr/include/gio-unix-2.0/ -I/usr/include/mirclient -I/usr/include/mircore -I/usr/include/mircookie -I/usr/include/cairo -I/usr/include/pango-1.0 -I/usr/include/harfbuzz -I/usr/include/pango-1.0 -I/usr/include/atk-1.0 -I/usr/include/cairo -I/usr/include/pixman-1 -I/usr/include/freetype2 -I/usr/include/libpng12 -I/usr/include/gdk-pixbuf-2.0 -I/usr/include/libpng12 -I/usr/include/glib-2.0 -I/usr/lib/x86_64-linux-gnu/glib-2.0/include'
GTK_NEMO_COLUMNS_LIBS='-lgtk-3 -lgdk-3 -lpangocairo-1.0 -lpango-1.0 -latk-1.0 -lcairo-gobject -lcairo -lgdk_pixbuf-2.0 -lgio-2.0 -lgobject-2.0 -lglib-2.0'
HAVE_GTK_DOC_FALSE='#'
HAVE_GTK_DOC_TRUE=''
HTML_DIR='${datadir}/gtk-doc/html'
INSTALL_DATA='${INSTALL} -m 644'
INSTALL_PROGRAM='${INSTALL}'
INSTALL_SCRIPT='${INSTALL}'
INSTALL_STRIP_PROGRAM='$(install_sh) -c -s'
INSTOBJEXT='.mo'
INTLLIBS=''
INTLTOOL_CAVES_RULE='%.caves:     %.caves.in     $(INTLTOOL_MERGE) $(wildcard $(top_srcdir)/po/*.po) ; $(INTLTOOL_V_MERGE)LC_ALL=C $(INTLTOOL_MERGE) $(INTLTOOL_V_MERGE_OPTIONS) -d -u -c $(top_builddir)/po/.intltool-merge-cache $(top_srcdir)/po $< $@'
INTLTOOL_DESKTOP_RULE='%.desktop:   %.desktop.in   $(INTLTOOL_MERGE) $(wildcard $(top_srcdir)/po/*.po) ; $(INTLTOOL_V_MERGE)LC_ALL=C $(INTLTOOL_MERGE) $(INTLTOOL_V_MERGE_OPTIONS) -d -u -c $(top_builddir)/po/.intltool-merge-cache $(top_srcdir)/po $< $@'
INTLTOOL_DIRECTORY_RULE='%.directory: %.directory.in $(INTLTOOL_MERGE) $(wildcard $(top_srcdir)/po/*.po) ; $(INTLTOOL_V_MERGE)LC_ALL=C $(INTLTOOL_MERGE) $(INTLTOOL_V_MERGE_OPTIONS) -d -u -c $(top_builddir)/po/.intltool-merge-cache $(top_srcdir)/po $< $@'
INTLTOOL_EXTRACT='/usr/bin/intltool-extract'
INTLTOOL_KBD_RULE='%.kbd:       %.kbd.in       $(INTLTOOL_MERGE) $(wildcard $(top_srcdir)/po/*.po) ; $(INTLTOOL_V_MERGE)LC_ALL=C $(INTLTOOL_MERGE) $(INTLTOOL_V_MERGE_OPTIONS) -x -u -m -c $(top_builddir)/po/.intltool-merge-cache $(top_srcdir)/po $< $@'
INTLTOOL_KEYS_RULE='%.keys:      %.keys.in      $(INTLTOOL_MERGE) $(wildcard $(top_srcdir)/po/*.po) ; $(INTLTOOL_V_MERGE)LC_ALL=C $(INTLTOOL_MERGE) $(INTLTOOL_V_MERGE_OPTIONS) -k -u -c $(top_builddir)/po/.intltool-merge-cache $(top_srcdir)/po $< $@'
INTLTOOL_MERGE='/usr/bin/intltool-merge'
INTLTOOL_OAF_RULE='%.oaf:       %.oaf.in       $(INTLTOOL_MERGE) $(wildcard $(top_srcdir)/po/*.po) ; $(INTLTOOL_V_MERGE)LC_ALL=C $(INTLTOOL_MERGE) $(INTLTOOL_V_MERGE_OPTIONS) -o -p $(top_srcdir)/po $< $@'
INTLTOOL_PERL='/usr/bin/perl'
INTLTOOL_POLICY_RULE='%.policy:    %.policy.in    $(INTLTOOL_MERGE) $(wildcard $(top_srcdir)/po/*.po) ; $(INTLTOOL_V_MERGE)LC_ALL=C $(INTLTOOL_MERGE) $(INTLTOOL_V_MERGE_OPTIONS) -x -u -c $(top_builddir)/po/.intltool-merge-cache $(top_srcdir)/po $< $@'
INTLTOOL_PONG_RULE='%.pong:      %.pong.in      $(INTLTOOL_MERGE) $(wildcard $(top_srcdir)/po/*.po) ; $(INTLTOOL_V_MERGE)LC_ALL=C $(INTLTOOL_MERGE) $(INTLTOOL_V_MERGE_OPTIONS) -x -u -c $(top_builddir)/po/.intltool-merge-cache $(top_srcdir)/po $< $@'
INTLTOOL_PROP_RULE='%.prop:      %.prop.in      $(INTLTOOL_MERGE) $(wildcard $(top_srcdir)/po/*.po) ; $(INTLTOOL_V_MERGE)LC_ALL=C $(INTLTOOL_MERGE) $(INTLTOOL_V_MERGE_OPTIONS) -d -u -c $(top_builddir)/po/.intltool-merge-cache $(top_srcdir)/po $< $@'
INTLTOOL_SCHEMAS_RULE='%.schemas:   %.schemas.in   $(INTLTOOL_MERGE) $(wildcard $(top_srcdir)/po/*.po) ; $(INTLTOOL_V_MERGE)LC_ALL=C $(INTLTOOL_MERGE) $(INTLTOOL_V_MERGE_OPTIONS) -s -u -c $(top_builddir)/po/.intltool-merge-cache $(top_srcdir)/po $< $@'
INTLTOOL_SERVER_RULE='%.server:    %.server.in    $(INTLTOOL_MERGE) $(wildcard $(top_srcdir)/po/*.po) ; $(INTLTOOL_V_MERGE)LC_ALL=C $(INTLTOOL_MERGE) $(INTLTOOL_V_MERGE_OPTIONS) -o -u -c $(top_builddir)/po/.intltool-merge-cache $(top_srcdir)/po $< $@'
INTLTOOL_SERVICE_RULE='%.service: %.service.in   $(INTLTOOL_MERGE) $(wildcard $(top_srcdir)/po/*.po) ; $(INTLTOOL_V_MERGE)LC_ALL=C $(INTLTOOL_MERGE) $(INTLTOOL_V_MERGE_OPTIONS) -d -u -c $(top_builddir)/po/.intltool-merge-cache $(top_srcdir)/po $< $@'
INTLTOOL_SHEET_RULE='%.sheet:     %.sheet.in     $(INTLTOOL_MERGE) $(wildcard $(top_srcdir)/po/*.po) ; $(INTLTOOL_V_MERGE)LC_ALL=C $(INTLTOOL_MERGE) $(INTLTOOL_V_MERGE_OPTIONS) -x -u -c $(top_builddir)/po/.intltool-merge-cache $(top_srcdir)/po $< $@'
INTLTOOL_SOUNDLIST_RULE='%.soundlist: %.soundlist.in $(INTLTOOL_MERGE) $(wildcard $(top_srcdir)/po/*.po) ; $(INTLTOOL_V_MERGE)LC_ALL=C $(INTLTOOL_MERGE) $(INTLTOOL_V_MERGE_OPTIONS) -d -u -c $(top_builddir)/po/.intltool-merge-cache $(top_srcdir)/po $< $@'
INTLTOOL_THEME_RULE='%.theme:     %.theme.in     $(INTLTOOL_MERGE) $(wildcard $(top_srcdir)/po/*.po) ; $(INTLTOOL_V_MERGE)LC_ALL=C $(INTLTOOL_MERGE) $(INTLTOOL_V_MERGE_OPTIONS) -d -u -c $(top_builddir)/po/.intltool-merge-cache $(top_srcdir)/po $< $@'
INTLTOOL_UI_RULE='%.ui:        %.ui.in        $(INTLTOOL_MERGE) $(wildcard $(top_srcdir)/po/*.po) ; $(INTLTOOL_V_MERGE)LC_ALL=C $(INTLTOOL_MERGE) $(INTLTOOL_V_MERGE_OPTIONS) -x -u -c $(top_builddir)/po/.intltool-merge-cache $(top_srcdir)/po $< $@'
INTLTOOL_UPDATE='/usr/bin/intltool-update'
INTLTOOL_V_MERGE='$(INTLTOOL__v_MERGE_$(V))'
INTLTOOL_V_MERGE_OPTIONS='$(intltool__v_merge_options_$(V))'
INTLTOOL_XAM_RULE='%.xam:       %.xml.in       $(INTLTOOL_MERGE) $(wildcard $(top_srcdir)/po/*.po) ; $(INTLTOOL_V_MERGE)LC_ALL=C $(INTLTOOL_MERGE) $(INTLTOOL_V_MERGE_OPTIONS) -x -u -c $(top_builddir)/po/.intltool-merge-cache $(top_srcdir)/po $< $@'
INTLTOOL_XML_NOMERGE_RULE='%.xml:       %.xml.in       $(INTLTOOL_MERGE) ; $(INTLTOOL_V_MERGE)LC_ALL=C $(INTLTOOL_MERGE) $(INTLTOOL_V_MERGE_OPTIONS) -x -u --no-translations $< $@'
INTLTOOL_XML_RULE='%.xml:       %.xml.in       $(INTLTOOL_MERGE) $(wildcard $(top_srcdir)/po/*.po) ; $(INTLTOOL_V_MERGE)LC_ALL=C $(INTLTOOL_MERGE) $(INTLTOOL_V_MERGE_OPTIONS) -x -u -c $(top_builddir)/po/.intltool-merge-cache $(top_srcdir)/po $< $@'
INTLTOOL__v_MERGE_0='@echo "  ITMRG " $@;'
INTLTOOL__v_MERGE_='$(INTLTOOL__v_MERGE_$(AM_DEFAULT_VERBOSITY))'
LD='/usr/bin/ld -m elf_x86_64'
LDFLAGS=''
LIBOBJS=''
LIBS=''
LIBTOOL='$(SHELL) $(top_builddir)/libtool'
LIPO=''
LN_S='ln -s'
LTLIBOBJS=''
LT_SYS_LIBRARY_PATH=''
MAKEINFO='${SHELL} /home/reuben/gtk-nemo-columns/missing makeinfo'
MANIFEST_TOOL=':'
MKDIR_P='/bin/mkdir -p'
MKINSTALLDIRS='/home/reuben/gtk-nemo-columns/mkinstalldirs'
MSGFMT='/usr/bin/msgfmt'
MSGFMT_OPTS='-c'
MSGMERGE='/usr/bin/msgmerge'
NM='/usr/bin/nm -B'
NMEDIT=''
OBJDUMP='objdump'
OBJEXT='o'
OTOOL64=''
OTOOL=''
PACKAGE='gtk_nemo_columns'
PACKAGE_BUGREPORT=''
PACKAGE_NAME='gtk_nemo_columns'
PACKAGE_STRING='gtk_nemo_columns 0.1'
PACKAGE_TARNAME='gtk_nemo_columns'
PACKAGE_URL=''
PACKAGE_VERSION='0.1'
PATH_SEPARATOR=':'
PKG_CONFIG='/usr/bin/pkg-config'
PKG_CONFIG_LIBDIR=''
PKG_CONFIG_PATH=''
POFILES=''
POSUB='po'
PO_IN_DATADIR_FALSE=''
PO_IN_DATADIR_TRUE=''
RANLIB='ranlib'
SED='/bin/sed'
SET_MAKE=''
SHELL='/bin/bash'
STRIP='strip'
USE_NLS='yes'
VERSION='0.1'
XGETTEXT='/usr/bin/xgettext'
ac_ct_AR='ar'
ac_ct_CC='gcc'
ac_ct_DUMPBIN=''
am__EXEEXT_FALSE=''
am__EXEEXT_TRUE='#'
am__fastdepCC_FALSE='#'
am__fastdepCC_TRUE=''
am__include='include'
am__isrc=' -I$(srcdir)'
am__leading_dot='.'
am__nodep='_no'
am__quote=''
am__tar='$${TAR-tar} chof - "$$tardir"'
am__untar='$${TAR-tar} xf -'
bindir='${exec_prefix}/bin'
build='x86_64-pc-linux-gnu'
build_alias=''
build_cpu='x86_64'
build_os='linux-gnu'
build_vendor='pc'
datadir='${datarootdir}'
datarootdir='${prefix}/share'
docdir='${datarootdir}/doc/${PACKAGE_TARNAME}'
dvidir='${docdir}'
exec_prefix='${prefix}'
host='x86_64-pc-linux-gnu'
host_alias=''
host_cpu='x86_64'
host_os='linux-gnu'
host_vendor='pc'
htmldir='${docdir}'
includedir='${prefix}/include'
infodir='${datarootdir}/info'
install_sh='${SHELL} /home/reuben/gtk-nemo-columns/install-sh'
intltool__v_merge_options_0='-q'
intltool__v_merge_options_='$(intltool__v_merge_options_$(AM_DEFAULT_VERBOSITY))'
libdir='${exec_prefix}/lib'
libexecdir='${exec_prefix}/libexec'
localedir='${datarootdir}/locale'
localstatedir='${prefix}/var'
mandir='${datarootdir}/man'
mkdir_p='$(MKDIR_P)'
oldincludedir='/usr/include'
pdfdir='${docdir}'
prefix='/usr/local'
program_transform_name='s,x,x,'
psdir='${docdir}'
runstatedir='${localstatedir}/run'
sbindir='${exec_prefix}/sbin'
sharedstatedir='${prefix}/com'
sysconfdir='${prefix}/etc'
target_alias=''

## ----------- ##
## confdefs.h. ##
## ----------- ##

/* confdefs.h */
#define PACKAGE_NAME "gtk_nemo_columns"
#define PACKAGE_TARNAME "gtk_nemo_columns"
#define PACKAGE_VERSION "0.1"
#define PACKAGE_STRING "gtk_nemo_columns 0.1"
#define PACKAGE_BUGREPORT ""
#define PACKAGE_URL ""
#define PACKAGE "gtk_nemo_columns"
#define VERSION "0.1"
#define GETTEXT_PACKAGE "gtk_nemo_columns"
#define STDC_HEADERS 1
#define HAVE_SYS_TYPES_H 1
#define HAVE_SYS_STAT_H 1
#define HAVE_STDLIB_H 1
#define HAVE_STRING_H 1
#define HAVE_MEMORY_H 1
#define HAVE_STRINGS_H 1
#define HAVE_INTTYPES_H 1
#define HAVE_STDINT_H 1
#define HAVE_UNISTD_H 1
#define HAVE_LOCALE_H 1
#define HAVE_LC_MESSAGES 1
#define HAVE_BIND_TEXTDOMAIN_CODESET 1
#define HAVE_GETTEXT 1
#define HAVE_DCGETTEXT 1
#define ENABLE_NLS 1
#define HAVE_DLFCN_H 1
#define LT_OBJDIR ".libs/"

configure: exit 0
